<?xml version="1.0" encoding="UTF-8"?>
<testng-results ignored="0" total="2" passed="2" failed="0" skipped="0">
  <reporter-output>
  </reporter-output>
  <suite started-at="2025-09-23T21:20:39 IST" name="Default suite" finished-at="2025-09-23T21:20:39 IST" duration-ms="75">
    <groups>
    </groups>
    <test started-at="2025-09-23T21:20:39 IST" name="Default test" finished-at="2025-09-23T21:20:39 IST" duration-ms="75">
      <class name="mymavenproject.NewTest">
        <test-method is-config="true" signature="beforeSuite()[pri:0, instance:mymavenproject.NewTest@49ec71f8]" started-at="2025-09-23T21:20:39 IST" name="beforeSuite" finished-at="2025-09-23T21:20:39 IST" duration-ms="15" status="PASS">
          <reporter-output>
          </reporter-output>
        </test-method> <!-- beforeSuite -->
        <test-method is-config="true" signature="beforeTest()[pri:0, instance:mymavenproject.NewTest@49ec71f8]" started-at="2025-09-23T21:20:39 IST" name="beforeTest" finished-at="2025-09-23T21:20:39 IST" duration-ms="2" status="PASS">
          <reporter-output>
          </reporter-output>
        </test-method> <!-- beforeTest -->
        <test-method is-config="true" signature="beforeClass()[pri:0, instance:mymavenproject.NewTest@49ec71f8]" started-at="2025-09-23T21:20:39 IST" name="beforeClass" finished-at="2025-09-23T21:20:39 IST" duration-ms="2" status="PASS">
          <reporter-output>
          </reporter-output>
        </test-method> <!-- beforeClass -->
        <test-method is-config="true" signature="beforeMethod()[pri:0, instance:mymavenproject.NewTest@49ec71f8]" started-at="2025-09-23T21:20:39 IST" name="beforeMethod" finished-at="2025-09-23T21:20:39 IST" duration-ms="1" status="PASS">
          <reporter-output>
          </reporter-output>
        </test-method> <!-- beforeMethod -->
        <test-method signature="sampleTest()[pri:0, instance:mymavenproject.NewTest@49ec71f8]" started-at="2025-09-23T21:20:39 IST" name="sampleTest" finished-at="2025-09-23T21:20:39 IST" duration-ms="10" status="PASS">
          <reporter-output>
          </reporter-output>
        </test-method> <!-- sampleTest -->
        <test-method is-config="true" signature="afterMethod()[pri:0, instance:mymavenproject.NewTest@49ec71f8]" started-at="2025-09-23T21:20:39 IST" name="afterMethod" finished-at="2025-09-23T21:20:39 IST" duration-ms="5" status="PASS">
          <reporter-output>
          </reporter-output>
        </test-method> <!-- afterMethod -->
        <test-method is-config="true" signature="beforeMethod()[pri:0, instance:mymavenproject.NewTest@49ec71f8]" started-at="2025-09-23T21:20:39 IST" name="beforeMethod" finished-at="2025-09-23T21:20:39 IST" duration-ms="2" status="PASS">
          <reporter-output>
          </reporter-output>
        </test-method> <!-- beforeMethod -->
        <test-method signature="sampleTest1()[pri:0, instance:mymavenproject.NewTest@49ec71f8]" started-at="2025-09-23T21:20:39 IST" name="sampleTest1" finished-at="2025-09-23T21:20:39 IST" duration-ms="5" status="PASS">
          <reporter-output>
          </reporter-output>
        </test-method> <!-- sampleTest1 -->
        <test-method is-config="true" signature="afterMethod()[pri:0, instance:mymavenproject.NewTest@49ec71f8]" started-at="2025-09-23T21:20:39 IST" name="afterMethod" finished-at="2025-09-23T21:20:39 IST" duration-ms="1" status="PASS">
          <reporter-output>
          </reporter-output>
        </test-method> <!-- afterMethod -->
        <test-method is-config="true" signature="afterClass()[pri:0, instance:mymavenproject.NewTest@49ec71f8]" started-at="2025-09-23T21:20:39 IST" name="afterClass" finished-at="2025-09-23T21:20:39 IST" duration-ms="1" status="PASS">
          <reporter-output>
          </reporter-output>
        </test-method> <!-- afterClass -->
        <test-method is-config="true" signature="afterTest()[pri:0, instance:mymavenproject.NewTest@49ec71f8]" started-at="2025-09-23T21:20:39 IST" name="afterTest" finished-at="2025-09-23T21:20:39 IST" duration-ms="1" status="PASS">
          <reporter-output>
          </reporter-output>
        </test-method> <!-- afterTest -->
        <test-method is-config="true" signature="afterSuite()[pri:0, instance:mymavenproject.NewTest@49ec71f8]" started-at="2025-09-23T21:20:39 IST" name="afterSuite" finished-at="2025-09-23T21:20:39 IST" duration-ms="3" status="PASS">
          <reporter-output>
          </reporter-output>
        </test-method> <!-- afterSuite -->
      </class> <!-- mymavenproject.NewTest -->
    </test> <!-- Default test -->
  </suite> <!-- Default suite -->
</testng-results>
