<?xml version="1.0" encoding="UTF-8"?>
<!-- Generated by org.testng.reporters.JUnitReportReporter -->
<testsuite hostname="Nitins-MacBook-Pro.local" failures="0" tests="1" name="httpMethodsBDD.Searlization_deSearalization_restassured" time="0.209" errors="0" timestamp="2025-10-08T22:22:38 IST" skipped="0">
  <testcase classname="httpMethodsBDD.Searlization_deSearalization_restassured" name="DesearlizationTest" time="0.209"/>
  <system-out/>
</testsuite> <!-- httpMethodsBDD.Searlization_deSearalization_restassured -->
