<?xml version="1.0" encoding="UTF-8"?>
<!-- Generated by org.testng.reporters.JUnitReportReporter -->
<testsuite hostname="Nitins-MacBook-Pro.local" failures="0" tests="2" name="mymavenproject.NewTest" time="0.024" errors="0" timestamp="2025-09-23T21:20:39 IST" skipped="0">
  <testcase classname="mymavenproject.NewTest" name="sampleTest1" time="0.011"/>
  <system-out/>
  <testcase classname="mymavenproject.NewTest" name="sampleTest" time="0.013"/>
  <system-out/>
</testsuite> <!-- mymavenproject.NewTest -->
