<?xml version="1.0" encoding="UTF-8"?>
<!-- Generated by org.testng.reporters.JUnitXMLReporter -->
<testsuite ignored="0" hostname="Nitins-MacBook-Pro.local" failures="0" tests="5" name="Default test" time="0.081" errors="0" timestamp="2025-09-15T22:30:28 IST">
  <testcase classname="TestngDemo.TNG_02_Priority" name="setupBrowser" time="0.02"/>
  <testcase classname="TestngDemo.TNG_02_Priority" name="setupAppURL" time="0.002"/>
  <testcase classname="TestngDemo.TNG_02_Priority" name="registeration" time="0.003"/>
  <testcase classname="TestngDemo.TNG_02_Priority" name="login" time="0.002"/>
  <testcase classname="TestngDemo.TNG_02_Priority" name="CloseBrowser" time="0.002"/>
</testsuite> <!-- Default test -->
