<?xml version="1.0" encoding="UTF-8"?>
<!-- Generated by org.testng.reporters.JUnitXMLReporter -->
<testsuite ignored="0" hostname="Nitins-MacBook-Pro.local" failures="0" tests="3" name="Default test" time="14.738" errors="0" timestamp="2025-09-16T22:27:06 IST">
  <testcase classname="TestngDemo.TNG_09_PracticalImplimentation_dataProvider" name="loginAutomation" time="2.805"/>
  <testcase classname="TestngDemo.TNG_09_PracticalImplimentation_dataProvider" name="loginAutomation" time="1.253"/>
  <testcase classname="TestngDemo.TNG_09_PracticalImplimentation_dataProvider" name="loginAutomation" time="0.891"/>
</testsuite> <!-- Default test -->
