<?xml version="1.0" encoding="UTF-8"?>
<!-- Generated by org.testng.reporters.JUnitXMLReporter -->
<testsuite ignored="1" hostname="Nitins-MacBook-Pro.local" failures="0" tests="1" name="Default test" time="0.257" errors="0" timestamp="2025-10-08T22:22:38 IST">
  <testcase classname="httpMethodsBDD.Searlization_deSearalization_restassured" name="DesearlizationTest" time="0.209"/>
  <testcase classname="httpMethodsBDD.Searlization_deSearalization_restassured" name="searlizationTest" time="0.0">
    <ignored/>
  </testcase> <!-- searlizationTest -->
</testsuite> <!-- Default test -->
