<?xml version="1.0" encoding="UTF-8"?>
<!-- Generated by org.testng.reporters.JUnitReportReporter -->
<testsuite hostname="Nitins-MacBook-Pro.local" failures="0" tests="1" name="appiumConnectionSetups.createAppiumConnectionwithUIAutomator" time="4.517" errors="0" timestamp="2025-10-14T21:49:58 IST" skipped="0">
  <testcase classname="appiumConnectionSetups.createAppiumConnectionwithUIAutomator" name="createAppiumConnectionUiAutomator2" time="4.517"/>
</testsuite> <!-- appiumConnectionSetups.createAppiumConnectionwithUIAutomator -->
