<?xml version="1.0" encoding="UTF-8"?>
<testng-results ignored="0" total="1" passed="1" failed="0" skipped="0">
  <reporter-output>
  </reporter-output>
  <suite started-at="2025-10-24T22:18:01 IST" name="Default suite" finished-at="2025-10-24T22:18:06 IST" duration-ms="5526">
    <groups>
    </groups>
    <test started-at="2025-10-24T22:18:01 IST" name="Default test" finished-at="2025-10-24T22:18:06 IST" duration-ms="5526">
      <class name="AndroidDevice_Actions.GetAppPerformanceData">
        <test-method signature="getAppPerData()[pri:0, instance:AndroidDevice_Actions.GetAppPerformanceData@37afeb11]" started-at="2025-10-24T22:18:01 IST" name="getAppPerData" finished-at="2025-10-24T22:18:06 IST" duration-ms="5471" status="PASS">
          <reporter-output>
          </reporter-output>
        </test-method> <!-- getAppPerData -->
      </class> <!-- AndroidDevice_Actions.GetAppPerformanceData -->
    </test> <!-- Default test -->
  </suite> <!-- Default suite -->
</testng-results>
