<?xml version="1.0" encoding="UTF-8"?>
<testng-results ignored="0" total="1" passed="1" failed="0" skipped="0">
  <reporter-output>
  </reporter-output>
  <suite started-at="2025-10-14T22:37:18 IST" name="Default suite" finished-at="2025-10-14T22:37:36 IST" duration-ms="17621">
    <groups>
    </groups>
    <test started-at="2025-10-14T22:37:18 IST" name="Default test" finished-at="2025-10-14T22:37:36 IST" duration-ms="17621">
      <class name="locatorStragyinAppium.testMobileLocators">
        <test-method signature="testMobile()[pri:0, instance:locatorStragyinAppium.testMobileLocators@6c64cb25]" started-at="2025-10-14T22:37:18 IST" name="testMobile" finished-at="2025-10-14T22:37:36 IST" duration-ms="17558" status="PASS">
          <reporter-output>
          </reporter-output>
        </test-method> <!-- testMobile -->
      </class> <!-- locatorStragyinAppium.testMobileLocators -->
    </test> <!-- Default test -->
  </suite> <!-- Default suite -->
</testng-results>
