<?xml version="1.0" encoding="UTF-8"?>
<testng-results ignored="0" total="1" passed="1" failed="0" skipped="0">
  <reporter-output>
  </reporter-output>
  <suite started-at="2025-09-17T22:38:03 IST" name="My Suite" finished-at="2025-09-17T22:38:15 IST" duration-ms="12057">
    <groups>
    </groups>
    <test started-at="2025-09-17T22:38:03 IST" name="MyTest" finished-at="2025-09-17T22:38:15 IST" duration-ms="12057">
      <class name="TestngDemo.TNG_07_Login">
        <test-method is-config="true" signature="setupBrowser()[pri:0, instance:TestngDemo.TNG_07_Login@1fa268de]" started-at="2025-09-17T22:38:03 IST" name="setupBrowser" finished-at="2025-09-17T22:38:12 IST" duration-ms="9118" status="PASS">
          <reporter-output>
          </reporter-output>
        </test-method> <!-- setupBrowser -->
        <test-method signature="loginAutomation()[pri:1, instance:TestngDemo.TNG_07_Login@1fa268de]" started-at="2025-09-17T22:38:12 IST" name="loginAutomation" finished-at="2025-09-17T22:38:15 IST" duration-ms="2800" status="PASS">
          <reporter-output>
          </reporter-output>
        </test-method> <!-- loginAutomation -->
        <test-method is-config="true" signature="stopBrowser()[pri:0, instance:TestngDemo.TNG_07_Login@1fa268de]" started-at="2025-09-17T22:38:15 IST" name="stopBrowser" finished-at="2025-09-17T22:38:15 IST" duration-ms="97" status="PASS">
          <reporter-output>
          </reporter-output>
        </test-method> <!-- stopBrowser -->
      </class> <!-- TestngDemo.TNG_07_Login -->
    </test> <!-- MyTest -->
  </suite> <!-- My Suite -->
</testng-results>
