<?xml version="1.0" encoding="UTF-8"?>
<testng-results ignored="0" total="1" passed="1" failed="0" skipped="0">
  <reporter-output>
  </reporter-output>
  <suite started-at="2025-10-08T14:28:21 IST" name="Default suite" finished-at="2025-10-08T14:28:23 IST" duration-ms="2289">
    <groups>
    </groups>
    <test started-at="2025-10-08T14:28:21 IST" name="Default test" finished-at="2025-10-08T14:28:23 IST" duration-ms="2289">
      <class name="api_Methods.GET_LISTUSERS">
        <test-method signature="getListOfUsers()[pri:0, instance:api_Methods.GET_LISTUSERS@dbf57b3]" started-at="2025-10-08T14:28:21 IST" name="getListOfUsers" finished-at="2025-10-08T14:28:23 IST" duration-ms="2224" status="PASS">
          <reporter-output>
          </reporter-output>
        </test-method> <!-- getListOfUsers -->
      </class> <!-- api_Methods.GET_LISTUSERS -->
    </test> <!-- Default test -->
  </suite> <!-- Default suite -->
</testng-results>
