<?xml version="1.0" encoding="UTF-8"?>
<!-- Generated by org.testng.reporters.JUnitReportReporter -->
<testsuite hostname="Nitins-MacBook-Pro.local" failures="0" tests="3" name="TestngDemo.TNG_09_PracticalImplimentation_dataProvider" time="4.949" errors="0" timestamp="2025-09-16T22:27:06 IST" skipped="0">
  <testcase classname="TestngDemo.TNG_09_PracticalImplimentation_dataProvider" name="loginAutomation" time="2.805"/>
  <testcase classname="TestngDemo.TNG_09_PracticalImplimentation_dataProvider" name="loginAutomation" time="1.253"/>
  <testcase classname="TestngDemo.TNG_09_PracticalImplimentation_dataProvider" name="loginAutomation" time="0.891"/>
</testsuite> <!-- TestngDemo.TNG_09_PracticalImplimentation_dataProvider -->
