<?xml version="1.0" encoding="UTF-8"?>
<!-- Generated by org.testng.reporters.JUnitReportReporter -->
<testsuite hostname="Nitins-MacBook-Pro.local" failures="0" tests="1" name="DataDriver_ExcelFile_Scenarios.ReadDataFromExcelFile" time="0.019" errors="0" timestamp="2025-09-22T22:36:18 IST" skipped="0">
  <testcase classname="DataDriver_ExcelFile_Scenarios.ReadDataFromExcelFile" name="readDataFromExcelUsingForLoop" time="0.019"/>
</testsuite> <!-- DataDriver_ExcelFile_Scenarios.ReadDataFromExcelFile -->
