<?xml version="1.0" encoding="UTF-8"?>
<!-- Generated by org.testng.reporters.JUnitReportReporter -->
<testsuite hostname="Nitins-MacBook-Pro.local" failures="0" tests="1" name="DataDriver_ExcelFile_Scenarios.WriteDataIntoMulitpleLines" time="0.045" errors="0" timestamp="2025-09-22T21:30:48 IST" skipped="0">
  <testcase classname="DataDriver_ExcelFile_Scenarios.WriteDataIntoMulitpleLines" name="writeDataIntoMultipleLines" time="0.045"/>
</testsuite> <!-- DataDriver_ExcelFile_Scenarios.WriteDataIntoMulitpleLines -->
