<?xml version="1.0" encoding="UTF-8"?>
<!-- Generated by org.testng.reporters.JUnitReportReporter -->
<testsuite hostname="Nitins-MacBook-Pro.local" failures="0" tests="5" name="TestngDemo.TNG_02_Priority" time="0.021" errors="0" timestamp="2025-09-19T20:47:20 IST" skipped="3">
  <testcase classname="TestngDemo.TNG_02_Priority" name="setupAppURL" time="0.019"/>
  <testcase classname="TestngDemo.TNG_02_Priority" name="registeration" time="0.002"/>
  <testcase classname="TestngDemo.TNG_02_Priority" name="CloseBrowser">
    <skipped/>
  </testcase> <!-- CloseBrowser -->
  <testcase classname="TestngDemo.TNG_02_Priority" name="setupBrowser">
    <skipped/>
  </testcase> <!-- setupBrowser -->
  <testcase classname="TestngDemo.TNG_02_Priority" name="login">
    <skipped/>
  </testcase> <!-- login -->
</testsuite> <!-- TestngDemo.TNG_02_Priority -->
