<?xml version="1.0" encoding="UTF-8"?>
<!-- Generated by org.testng.reporters.JUnitReportReporter -->
<testsuite hostname="Nitins-MacBook-Pro.local" failures="0" tests="3" name="TestngDemo.TNG08_TestDataProvider" time="0.013" errors="0" timestamp="2025-09-17T22:33:27 IST" skipped="0">
  <testcase classname="TestngDemo.TNG08_TestDataProvider" name="getData" time="0.003"/>
  <testcase classname="TestngDemo.TNG08_TestDataProvider" name="getData" time="0.008"/>
  <testcase classname="TestngDemo.TNG08_TestDataProvider" name="getData" time="0.002"/>
</testsuite> <!-- TestngDemo.TNG08_TestDataProvider -->
