<?xml version="1.0" encoding="UTF-8"?>
<!-- Generated by org.testng.reporters.JUnitReportReporter -->
<testsuite hostname="Nitins-MacBook-Pro.local" failures="0" tests="3" name="TestngDemo.TNG_03_Anotations" time="71.863" errors="0" timestamp="2025-09-16T21:16:41 IST" skipped="0">
  <testcase classname="TestngDemo.TNG_03_Anotations" name="openFacebook" time="12.169"/>
  <testcase classname="TestngDemo.TNG_03_Anotations" name="openMyntra" time="46.339"/>
  <testcase classname="TestngDemo.TNG_03_Anotations" name="openGoogle" time="13.355"/>
</testsuite> <!-- TestngDemo.TNG_03_Anotations -->
