<?xml version="1.0" encoding="UTF-8"?>
<!-- Generated by org.testng.reporters.JUnitReportReporter -->
<testsuite hostname="Nitins-MacBook-Pro.local" failures="0" tests="3" name="TestngDemo.TNG08_TestDataProvider" time="0.027" errors="0" timestamp="2025-09-16T22:20:40 IST" skipped="0">
  <testcase classname="TestngDemo.TNG08_TestDataProvider" name="getData" time="0.002"/>
  <testcase classname="TestngDemo.TNG08_TestDataProvider" name="getData" time="0.023"/>
  <testcase classname="TestngDemo.TNG08_TestDataProvider" name="getData" time="0.002"/>
</testsuite> <!-- TestngDemo.TNG08_TestDataProvider -->
