<?xml version="1.0" encoding="UTF-8"?>
<!-- Generated by org.testng.reporters.JUnitReportReporter -->
<testsuite hostname="Nitins-MacBook-Pro.local" failures="0" tests="7" name="DataDriver_ExcelFile_Scenarios.CreateLoginData" time="0.088" errors="0" timestamp="2025-09-22T21:50:43 IST" skipped="0">
  <testcase classname="DataDriver_ExcelFile_Scenarios.CreateLoginData" name="readData" time="0.004"/>
  <testcase classname="DataDriver_ExcelFile_Scenarios.CreateLoginData" name="readData" time="0.003"/>
  <testcase classname="DataDriver_ExcelFile_Scenarios.CreateLoginData" name="readData" time="0.003"/>
  <testcase classname="DataDriver_ExcelFile_Scenarios.CreateLoginData" name="readData" time="0.037"/>
  <testcase classname="DataDriver_ExcelFile_Scenarios.CreateLoginData" name="readData" time="0.007"/>
  <testcase classname="DataDriver_ExcelFile_Scenarios.CreateLoginData" name="readData" time="0.010"/>
  <testcase classname="DataDriver_ExcelFile_Scenarios.CreateLoginData" name="readData" time="0.024"/>
</testsuite> <!-- DataDriver_ExcelFile_Scenarios.CreateLoginData -->
