<?xml version="1.0" encoding="UTF-8"?>
<!-- Generated by org.testng.reporters.JUnitReportReporter -->
<testsuite hostname="Nitins-MacBook-Pro.local" failures="0" tests="3" name="TestngDemo.TNG_01_firstScript" time="0.024" errors="0" timestamp="2025-09-15T22:21:16 IST" skipped="0">
  <testcase classname="TestngDemo.TNG_01_firstScript" name="testB" time="0.003"/>
  <testcase classname="TestngDemo.TNG_01_firstScript" name="testA" time="0.019"/>
  <testcase classname="TestngDemo.TNG_01_firstScript" name="testC" time="0.002"/>
</testsuite> <!-- TestngDemo.TNG_01_firstScript -->
