<?xml version="1.0" encoding="UTF-8"?>
<!-- Generated by org.testng.reporters.JUnitReportReporter -->
<testsuite hostname="Nitins-MacBook-Pro.local" failures="0" tests="3" name="TestngDemo.TNG_03_DP" time="0.016" errors="0" timestamp="2025-09-16T21:09:12 IST" skipped="3">
  <testcase classname="TestngDemo.TNG_03_DP" name="search" time="0.016">
    <skipped/>
  </testcase> <!-- search -->
  <testcase classname="TestngDemo.TNG_03_DP" name="selectPhonefromPDP" time="0.000">
    <skipped/>
  </testcase> <!-- selectPhonefromPDP -->
  <testcase classname="TestngDemo.TNG_03_DP" name="checkout" time="0.000">
    <skipped/>
  </testcase> <!-- checkout -->
</testsuite> <!-- TestngDemo.TNG_03_DP -->
