<?xml version="1.0" encoding="UTF-8"?>
<!-- Generated by org.testng.reporters.JUnitReportReporter -->
<testsuite hostname="Nitins-MacBook-Pro.local" failures="0" tests="3" name="TestngDemo.TNG_05_BeforeTest_AfterTest" time="65.835" errors="0" timestamp="2025-09-16T21:37:40 IST" skipped="0">
  <testcase classname="TestngDemo.TNG_05_BeforeTest_AfterTest" name="openFacebook" time="11.646"/>
  <testcase classname="TestngDemo.TNG_05_BeforeTest_AfterTest" name="openMyntra" time="41.578"/>
  <testcase classname="TestngDemo.TNG_05_BeforeTest_AfterTest" name="openGoogle" time="12.611"/>
</testsuite> <!-- TestngDemo.TNG_05_BeforeTest_AfterTest -->
