<?xml version="1.0" encoding="UTF-8"?>
<!-- Generated by org.testng.reporters.JUnitReportReporter -->
<testsuite hostname="Nitins-MacBook-Pro.local" failures="0" tests="6" name="Assignments.CreateLoginData" time="0.055" errors="0" timestamp="2025-09-22T18:38:21 IST" skipped="0">
  <testcase classname="Assignments.CreateLoginData" name="setLoginData" time="0.005"/>
  <testcase classname="Assignments.CreateLoginData" name="setLoginData" time="0.003"/>
  <testcase classname="Assignments.CreateLoginData" name="setLoginData" time="0.003"/>
  <testcase classname="Assignments.CreateLoginData" name="setLoginData" time="0.005"/>
  <testcase classname="Assignments.CreateLoginData" name="setLoginData" time="0.032"/>
  <testcase classname="Assignments.CreateLoginData" name="setLoginData" time="0.007"/>
</testsuite> <!-- Assignments.CreateLoginData -->
