<?xml version="1.0" encoding="UTF-8"?>
<!-- Generated by org.testng.reporters.JUnitReportReporter -->
<testsuite hostname="Nitins-MacBook-Pro.local" failures="0" tests="5" name="TestngDemo.TNG_02_Priority" time="0.029" errors="0" timestamp="2025-09-15T22:30:29 IST" skipped="0">
  <testcase classname="TestngDemo.TNG_02_Priority" name="setupBrowser" time="0.020"/>
  <testcase classname="TestngDemo.TNG_02_Priority" name="setupAppURL" time="0.002"/>
  <testcase classname="TestngDemo.TNG_02_Priority" name="registeration" time="0.003"/>
  <testcase classname="TestngDemo.TNG_02_Priority" name="login" time="0.002"/>
  <testcase classname="TestngDemo.TNG_02_Priority" name="CloseBrowser" time="0.002"/>
</testsuite> <!-- TestngDemo.TNG_02_Priority -->
