<?xml version="1.0" encoding="UTF-8"?>
<!-- Generated by org.testng.reporters.JUnitReportReporter -->
<testsuite hostname="Nitins-MacBook-Pro.local" failures="0" tests="2" name="TestngDemo.TNG11_groupingTestcases" time="104.465" errors="0" timestamp="2025-09-19T21:16:45 IST" skipped="0">
  <testcase classname="TestngDemo.TNG11_groupingTestcases" name="testSellLink" time="64.113"/>
  <testcase classname="TestngDemo.TNG11_groupingTestcases" name="testBestsellersLink" time="40.352"/>
</testsuite> <!-- TestngDemo.TNG11_groupingTestcases -->
