<?xml version="1.0" encoding="UTF-8"?>
<!-- Generated by org.testng.reporters.JUnitXMLReporter -->
<testsuite ignored="2" hostname="Nitins-MacBook-Pro.local" failures="0" tests="1" name="MyTest" time="12.057" errors="0" timestamp="2025-09-17T22:38:15 IST">
  <testcase classname="TestngDemo.TNG_07_Login" name="loginAutomation" time="2.8"/>
  <testcase classname="TestngDemo.TNG_07_Login" name="loginAutomation2" time="0.0">
    <ignored/>
  </testcase> <!-- loginAutomation2 -->
  <testcase classname="TestngDemo.TNG_07_Login" name="loginAutomation1" time="0.0">
    <ignored/>
  </testcase> <!-- loginAutomation1 -->
</testsuite> <!-- MyTest -->
