<?xml version="1.0" encoding="UTF-8"?>
<!-- Generated by org.testng.reporters.JUnitXMLReporter -->
<testsuite ignored="0" hostname="Nitins-MacBook-Pro.local" failures="0" tests="3" name="MyTest" time="54.1" errors="0" timestamp="2025-09-19T21:50:13 IST">
  <testcase classname="TestngDemo.TNG12_ParallelTestExecution" name="openFacebook" time="24.366"/>
  <testcase classname="TestngDemo.TNG12_ParallelTestExecution" name="openGoogle" time="26.726"/>
  <testcase classname="TestngDemo.TNG12_ParallelTestExecution" name="openMyntra" time="53.993"/>
</testsuite> <!-- MyTest -->
